<?xml version="1.0" encoding="UTF-8"?>
<!-- Generated by org.testng.reporters.JUnitXMLReporter -->
<testsuite ignored="0" hostname="DESKTOP-K2SJR3U" failures="0" tests="10" name="Test" time="8.598" errors="0" timestamp="2026-06-16T16:44:24 IST">
  <testcase classname="com.isomniaTest.PatchTest" name="patchTrainee" time="7.325"/>
  <testcase classname="com.isomniaTest.Get_ValidTest" name="getTrainee" time="0.167"/>
  <testcase classname="com.isomniaTest.Put_Test" name="put" time="0.151"/>
  <testcase classname="com.isomniaTest.InvalidLogin" name="invalidLogin" time="0.167"/>
  <testcase classname="com.isomniaTest.Get_invalidTest" name="invalidTest" time="0.097"/>
  <testcase classname="com.isomniaTest.HeadTest" name="headTest" time="0.09"/>
  <testcase classname="com.isomniaTest.Post_newTrainee" name="createTrainee" time="0.117"/>
  <testcase classname="com.isomniaTest.ValidLogin" name="loginTest" time="0.102"/>
  <testcase classname="com.isomniaTest.OptionTest" name="optionsTest" time="0.094"/>
  <testcase classname="com.isomniaTest.DeleteTest" name="deleteTrainee" time="0.103"/>
</testsuite> <!-- Test -->
