<?xml version="1.0" encoding="UTF-8"?>
<!-- Generated by org.testng.reporters.JUnitXMLReporter -->
<testsuite ignored="0" hostname="DESKTOP-K2SJR3U" failures="0" tests="15" name="Test" time="64.645" errors="0" timestamp="2026-06-18T07:08:44 IST">
  <testcase classname="com.test.CheckApi" name="healthCheck" time="1.021"/>
  <testcase classname="com.test.LoginApi" name="loginTest" time="0.003"/>
  <testcase classname="com.test.GetInstitute" name="getAllInstitutions" time="0.731"/>
  <testcase classname="com.test.GetRole" name="getAllRoles" time="1.342"/>
  <testcase classname="com.test.GetCourse" name="getAllCourseStructures" time="1.625"/>
  <testcase classname="com.test.CreateNote" name="createNote" time="1.422"/>
  <testcase classname="com.test.GetAllNotes" name="getAllNotes" time="1.481"/>
  <testcase classname="com.test.CreateNote" name="createNote" time="1.367"/>
  <testcase classname="com.test.GetNoteById" name="getNoteById" time="1.387"/>
  <testcase classname="com.test.CreateNote" name="createNote" time="1.487"/>
  <testcase classname="com.test.UpdateNote" name="updateNote" time="1.417"/>
  <testcase classname="com.test.CreateNote" name="createNote" time="1.374"/>
  <testcase classname="com.test.TogglePin" name="togglePinNote" time="1.751"/>
  <testcase classname="com.test.CreateNote" name="createNote" time="1.343"/>
  <testcase classname="com.test.DeleteNote" name="deleteNote" time="1.647"/>
</testsuite> <!-- Test -->
