<?xml version="1.0" encoding="UTF-8"?>
<!-- Generated by org.testng.reporters.JUnitReportReporter -->
<testsuite hostname="DESKTOP-K2SJR3U" failures="0" tests="3" name="com.test.GetNoteById" time="5.073" errors="0" timestamp="2026-06-22T22:32:39 IST" skipped="0">
  <testcase classname="com.test.GetNoteById" name="createNote" time="1.704"/>
  <testcase classname="com.test.GetNoteById" name="getNoteById_valid" time="1.884"/>
  <testcase classname="com.test.GetNoteById" name="getNoteById_invalid" time="1.485"/>
</testsuite> <!-- com.test.GetNoteById -->
