<?xml version="1.0" encoding="UTF-8"?>
<!-- Generated by org.testng.reporters.JUnitReportReporter -->
<testsuite hostname="DESKTOP-K2SJR3U" failures="0" tests="4" name="com.test.LoginTest" time="9.874" errors="0" timestamp="2026-06-22T22:32:39 IST" skipped="0">
  <testcase classname="com.test.LoginTest" name="validLoginTest" time="4.026"/>
  <testcase classname="com.test.LoginTest" name="invalidEmailTest" time="0.891"/>
  <testcase classname="com.test.LoginTest" name="invalidPasswordTest" time="4.476"/>
  <testcase classname="com.test.LoginTest" name="missingFieldsTest" time="0.481"/>
</testsuite> <!-- com.test.LoginTest -->
