<?xml version="1.0" encoding="UTF-8"?>
<!-- Generated by org.testng.reporters.JUnitReportReporter -->
<testsuite hostname="DESKTOP-K2SJR3U" failures="0" tests="3" name="com.test.GetRole" time="3.818" errors="0" timestamp="2026-06-22T22:32:39 IST" skipped="0">
  <testcase classname="com.test.GetRole" name="getAllRoles_ValidToken" time="1.968"/>
  <testcase classname="com.test.GetRole" name="getAllRoles_NoToken" time="0.587"/>
  <testcase classname="com.test.GetRole" name="getAllRoles_InvalidToken" time="1.263"/>
</testsuite> <!-- com.test.GetRole -->
