<?xml version="1.0" encoding="UTF-8"?>
<testng-results ignored="0" total="15" passed="15" failed="0" skipped="0">
  <reporter-output>
  </reporter-output>
  <suite started-at="2026-06-18T07:07:39 IST" name="Suite" finished-at="2026-06-18T07:08:44 IST" duration-ms="64645">
    <groups>
    </groups>
    <test started-at="2026-06-18T07:07:39 IST" name="Test" finished-at="2026-06-18T07:08:44 IST" duration-ms="64645">
      <class name="com.test.GetInstitute">
        <test-method is-config="true" signature="setup()[pri:0, instance:com.test.GetInstitute@3ed242a4]" started-at="2026-06-18T07:07:54 IST" name="setup" finished-at="2026-06-18T07:07:58 IST" duration-ms="3495" status="PASS">
          <reporter-output>
          </reporter-output>
        </test-method> <!-- setup -->
        <test-method signature="getAllInstitutions()[pri:0, instance:com.test.GetInstitute@3ed242a4]" started-at="2026-06-18T07:07:58 IST" name="getAllInstitutions" finished-at="2026-06-18T07:07:58 IST" duration-ms="731" status="PASS">
          <reporter-output>
          </reporter-output>
        </test-method> <!-- getAllInstitutions -->
      </class> <!-- com.test.GetInstitute -->
      <class name="com.test.CheckApi">
        <test-method is-config="true" signature="setup()[pri:0, instance:com.test.CheckApi@63a270c9]" started-at="2026-06-18T07:07:39 IST" name="setup" finished-at="2026-06-18T07:07:50 IST" duration-ms="10093" status="PASS">
          <reporter-output>
          </reporter-output>
        </test-method> <!-- setup -->
        <test-method signature="healthCheck()[pri:0, instance:com.test.CheckApi@63a270c9]" started-at="2026-06-18T07:07:50 IST" name="healthCheck" finished-at="2026-06-18T07:07:51 IST" duration-ms="1021" status="PASS">
          <reporter-output>
          </reporter-output>
        </test-method> <!-- healthCheck -->
      </class> <!-- com.test.CheckApi -->
      <class name="com.test.GetNoteById">
        <test-method is-config="true" signature="setup()[pri:0, instance:com.test.GetNoteById@73a2e526]" started-at="2026-06-18T07:08:19 IST" name="setup" finished-at="2026-06-18T07:08:22 IST" duration-ms="3658" status="PASS">
          <reporter-output>
          </reporter-output>
        </test-method> <!-- setup -->
        <test-method signature="createNote()[pri:0, instance:com.test.GetNoteById@73a2e526]" started-at="2026-06-18T07:08:22 IST" name="createNote" finished-at="2026-06-18T07:08:24 IST" duration-ms="1367" status="PASS">
          <reporter-output>
          </reporter-output>
        </test-method> <!-- createNote -->
        <test-method signature="getNoteById()[pri:0, instance:com.test.GetNoteById@73a2e526]" started-at="2026-06-18T07:08:24 IST" name="getNoteById" finished-at="2026-06-18T07:08:25 IST" duration-ms="1387" status="PASS">
          <reporter-output>
          </reporter-output>
        </test-method> <!-- getNoteById -->
      </class> <!-- com.test.GetNoteById -->
      <class name="com.test.UpdateNote">
        <test-method is-config="true" signature="setup()[pri:0, instance:com.test.UpdateNote@7d64e326]" started-at="2026-06-18T07:08:25 IST" name="setup" finished-at="2026-06-18T07:08:28 IST" duration-ms="3497" status="PASS">
          <reporter-output>
          </reporter-output>
        </test-method> <!-- setup -->
        <test-method signature="createNote()[pri:0, instance:com.test.UpdateNote@7d64e326]" started-at="2026-06-18T07:08:28 IST" name="createNote" finished-at="2026-06-18T07:08:30 IST" duration-ms="1487" status="PASS">
          <reporter-output>
          </reporter-output>
        </test-method> <!-- createNote -->
        <test-method signature="updateNote()[pri:0, instance:com.test.UpdateNote@7d64e326]" started-at="2026-06-18T07:08:30 IST" name="updateNote" finished-at="2026-06-18T07:08:31 IST" duration-ms="1417" status="PASS">
          <reporter-output>
          </reporter-output>
        </test-method> <!-- updateNote -->
      </class> <!-- com.test.UpdateNote -->
      <class name="com.test.CreateNote">
        <test-method is-config="true" signature="setup()[pri:0, instance:com.test.CreateNote@1fdf1c5]" started-at="2026-06-18T07:08:08 IST" name="setup" finished-at="2026-06-18T07:08:12 IST" duration-ms="3384" status="PASS">
          <reporter-output>
          </reporter-output>
        </test-method> <!-- setup -->
        <test-method signature="createNote()[pri:0, instance:com.test.CreateNote@1fdf1c5]" started-at="2026-06-18T07:08:12 IST" name="createNote" finished-at="2026-06-18T07:08:13 IST" duration-ms="1422" status="PASS">
          <reporter-output>
          </reporter-output>
        </test-method> <!-- createNote -->
      </class> <!-- com.test.CreateNote -->
      <class name="com.test.GetCourse">
        <test-method is-config="true" signature="setup()[pri:0, instance:com.test.GetCourse@614df0a4]" started-at="2026-06-18T07:08:03 IST" name="setup" finished-at="2026-06-18T07:08:07 IST" duration-ms="3361" status="PASS">
          <reporter-output>
          </reporter-output>
        </test-method> <!-- setup -->
        <test-method signature="getAllCourseStructures()[pri:0, instance:com.test.GetCourse@614df0a4]" started-at="2026-06-18T07:08:07 IST" name="getAllCourseStructures" finished-at="2026-06-18T07:08:08 IST" duration-ms="1625" status="PASS">
          <reporter-output>
          </reporter-output>
        </test-method> <!-- getAllCourseStructures -->
      </class> <!-- com.test.GetCourse -->
      <class name="com.test.DeleteNote">
        <test-method is-config="true" signature="setup()[pri:0, instance:com.test.DeleteNote@cd1d761]" started-at="2026-06-18T07:08:38 IST" name="setup" finished-at="2026-06-18T07:08:41 IST" duration-ms="3258" status="PASS">
          <reporter-output>
          </reporter-output>
        </test-method> <!-- setup -->
        <test-method signature="createNote()[pri:0, instance:com.test.DeleteNote@cd1d761]" started-at="2026-06-18T07:08:41 IST" name="createNote" finished-at="2026-06-18T07:08:42 IST" duration-ms="1343" status="PASS">
          <reporter-output>
          </reporter-output>
        </test-method> <!-- createNote -->
        <test-method signature="deleteNote()[pri:0, instance:com.test.DeleteNote@cd1d761]" started-at="2026-06-18T07:08:42 IST" name="deleteNote" finished-at="2026-06-18T07:08:44 IST" duration-ms="1647" status="PASS">
          <reporter-output>
          </reporter-output>
        </test-method> <!-- deleteNote -->
      </class> <!-- com.test.DeleteNote -->
      <class name="com.test.LoginApi">
        <test-method is-config="true" signature="setup()[pri:0, instance:com.test.LoginApi@37c7595]" started-at="2026-06-18T07:07:51 IST" name="setup" finished-at="2026-06-18T07:07:54 IST" duration-ms="3573" status="PASS">
          <reporter-output>
          </reporter-output>
        </test-method> <!-- setup -->
        <test-method signature="loginTest()[pri:0, instance:com.test.LoginApi@37c7595]" started-at="2026-06-18T07:07:54 IST" name="loginTest" finished-at="2026-06-18T07:07:54 IST" duration-ms="3" status="PASS">
          <reporter-output>
          </reporter-output>
        </test-method> <!-- loginTest -->
      </class> <!-- com.test.LoginApi -->
      <class name="com.test.GetAllNotes">
        <test-method is-config="true" signature="setup()[pri:0, instance:com.test.GetAllNotes@2d96543c]" started-at="2026-06-18T07:08:13 IST" name="setup" finished-at="2026-06-18T07:08:17 IST" duration-ms="3955" status="PASS">
          <reporter-output>
          </reporter-output>
        </test-method> <!-- setup -->
        <test-method signature="getAllNotes()[pri:0, instance:com.test.GetAllNotes@2d96543c]" started-at="2026-06-18T07:08:17 IST" name="getAllNotes" finished-at="2026-06-18T07:08:19 IST" duration-ms="1481" status="PASS">
          <reporter-output>
          </reporter-output>
        </test-method> <!-- getAllNotes -->
      </class> <!-- com.test.GetAllNotes -->
      <class name="com.test.TogglePin">
        <test-method is-config="true" signature="setup()[pri:0, instance:com.test.TogglePin@13f95696]" started-at="2026-06-18T07:08:31 IST" name="setup" finished-at="2026-06-18T07:08:35 IST" duration-ms="3282" status="PASS">
          <reporter-output>
          </reporter-output>
        </test-method> <!-- setup -->
        <test-method signature="createNote()[pri:0, instance:com.test.TogglePin@13f95696]" started-at="2026-06-18T07:08:35 IST" name="createNote" finished-at="2026-06-18T07:08:36 IST" duration-ms="1374" status="PASS">
          <reporter-output>
          </reporter-output>
        </test-method> <!-- createNote -->
        <test-method signature="togglePinNote()[pri:0, instance:com.test.TogglePin@13f95696]" started-at="2026-06-18T07:08:36 IST" name="togglePinNote" finished-at="2026-06-18T07:08:38 IST" duration-ms="1751" status="PASS">
          <reporter-output>
          </reporter-output>
        </test-method> <!-- togglePinNote -->
      </class> <!-- com.test.TogglePin -->
      <class name="com.test.GetRole">
        <test-method is-config="true" signature="setup()[pri:0, instance:com.test.GetRole@1199fe66]" started-at="2026-06-18T07:07:58 IST" name="setup" finished-at="2026-06-18T07:08:02 IST" duration-ms="3451" status="PASS">
          <reporter-output>
          </reporter-output>
        </test-method> <!-- setup -->
        <test-method signature="getAllRoles()[pri:0, instance:com.test.GetRole@1199fe66]" started-at="2026-06-18T07:08:02 IST" name="getAllRoles" finished-at="2026-06-18T07:08:03 IST" duration-ms="1342" status="PASS">
          <reporter-output>
          </reporter-output>
        </test-method> <!-- getAllRoles -->
      </class> <!-- com.test.GetRole -->
    </test> <!-- Test -->
  </suite> <!-- Suite -->
</testng-results>
