<?xml version="1.0" encoding="UTF-8"?>
<testng-results ignored="0" total="1" passed="1" failed="0" skipped="0">
  <reporter-output>
  </reporter-output>
  <suite started-at="2026-06-18T06:45:54 IST" name="Default suite" finished-at="2026-06-18T06:46:46 IST" duration-ms="52263">
    <groups>
    </groups>
    <test started-at="2026-06-18T06:45:54 IST" name="Default test" finished-at="2026-06-18T06:46:46 IST" duration-ms="52263">
      <class name="com.test.GetAllNotes">
        <test-method is-config="true" signature="setup()[pri:0, instance:com.test.GetAllNotes@4470fbd6]" started-at="2026-06-18T06:45:54 IST" name="setup" finished-at="2026-06-18T06:46:44 IST" duration-ms="49933" status="PASS">
          <reporter-output>
          </reporter-output>
        </test-method> <!-- setup -->
        <test-method signature="getAllNotes()[pri:0, instance:com.test.GetAllNotes@4470fbd6]" started-at="2026-06-18T06:46:44 IST" name="getAllNotes" finished-at="2026-06-18T06:46:46 IST" duration-ms="2178" status="PASS">
          <reporter-output>
          </reporter-output>
        </test-method> <!-- getAllNotes -->
      </class> <!-- com.test.GetAllNotes -->
    </test> <!-- Default test -->
  </suite> <!-- Default suite -->
</testng-results>
