<?xml version="1.0" encoding="UTF-8"?>
<!-- Generated by org.testng.reporters.JUnitXMLReporter -->
<testsuite ignored="0" hostname="DESKTOP-K2SJR3U" failures="0" tests="4" name="Default test" time="17.966" errors="0" timestamp="2026-06-22T22:29:24 IST">
  <testcase classname="com.test.LoginTest" name="validLoginTest" time="4.651"/>
  <testcase classname="com.test.LoginTest" name="invalidEmailTest" time="0.673"/>
  <testcase classname="com.test.LoginTest" name="invalidPasswordTest" time="3.716"/>
  <testcase classname="com.test.LoginTest" name="missingFieldsTest" time="0.831"/>
</testsuite> <!-- Default test -->
