<?xml version="1.0" encoding="UTF-8"?>
<testng-results ignored="0" total="1" passed="1" failed="0" skipped="0">
  <reporter-output>
  </reporter-output>
  <suite started-at="2026-06-15T15:45:06 IST" name="Default suite" finished-at="2026-06-15T15:45:10 IST" duration-ms="3972">
    <groups>
    </groups>
    <test started-at="2026-06-15T15:45:06 IST" name="Default test" finished-at="2026-06-15T15:45:10 IST" duration-ms="3972">
      <class name="com.test.ApiValidatorTest">
        <test-method signature="validator()[pri:0, instance:com.test.ApiValidatorTest@73a1e9a9]" started-at="2026-06-15T15:45:06 IST" name="validator" finished-at="2026-06-15T15:45:10 IST" duration-ms="3891" status="PASS">
          <reporter-output>
          </reporter-output>
        </test-method> <!-- validator -->
      </class> <!-- com.test.ApiValidatorTest -->
    </test> <!-- Default test -->
  </suite> <!-- Default suite -->
</testng-results>
