<?xml version="1.0" encoding="UTF-8"?>
<!-- Generated by org.testng.reporters.JUnitXMLReporter -->
<testsuite ignored="0" hostname="DESKTOP-K2SJR3U" failures="0" tests="22" name="LMS API Tests" time="92.045" errors="0" timestamp="2026-06-22T22:32:39 IST">
  <testcase classname="com.test.LoginTest" name="validLoginTest" time="4.026"/>
  <testcase classname="com.test.LoginTest" name="invalidEmailTest" time="0.891"/>
  <testcase classname="com.test.LoginTest" name="invalidPasswordTest" time="4.476"/>
  <testcase classname="com.test.LoginTest" name="missingFieldsTest" time="0.481"/>
  <testcase classname="com.test.CheckApi" name="healthCheck" time="0.48"/>
  <testcase classname="com.test.GetInstitute" name="getAllInstitutions" time="1.008"/>
  <testcase classname="com.test.GetRole" name="getAllRoles_ValidToken" time="1.968"/>
  <testcase classname="com.test.GetRole" name="getAllRoles_NoToken" time="0.587"/>
  <testcase classname="com.test.GetRole" name="getAllRoles_InvalidToken" time="1.263"/>
  <testcase classname="com.test.GetCourse" name="getAllCourseStructures" time="3.013"/>
  <testcase classname="com.test.CreateNote" name="createNote" time="1.904"/>
  <testcase classname="com.test.GetAllNotes" name="getAllNotes_valid" time="2.403"/>
  <testcase classname="com.test.GetAllNotes" name="getAllNotes_invalid" time="0.962"/>
  <testcase classname="com.test.CreateNote" name="createNote" time="1.704"/>
  <testcase classname="com.test.GetNoteById" name="getNoteById_valid" time="1.884"/>
  <testcase classname="com.test.GetNoteById" name="getNoteById_invalid" time="1.485"/>
  <testcase classname="com.test.CreateNote" name="createNote" time="2.206"/>
  <testcase classname="com.test.UpdateNote" name="updateNote" time="3.216"/>
  <testcase classname="com.test.CreateNote" name="createNote" time="1.894"/>
  <testcase classname="com.test.TogglePin" name="togglePinNote" time="2.88"/>
  <testcase classname="com.test.CreateNote" name="createNote" time="1.798"/>
  <testcase classname="com.test.DeleteNote" name="deleteNote" time="1.642"/>
</testsuite> <!-- LMS API Tests -->
